2025-11-17 11:57:00 | INFO | repo=course-sys-int-systems-exam | action=commit
2025-12-10 17:51:00 | WARN | repo=course-sys-int-systems-exam | action=edit | files=2
2025-09-05 14:03:00 | DEBUG | repo=course-sys-int-systems-exam | action=test | passed=true
2025-08-25 11:27:00 | DEBUG | repo=course-sys-int-systems-exam | action=commit
2025-10-09 19:14:00 | WARN | repo=course-sys-int-systems-exam | action=commit
2025-05-17 19:55:00 | INFO | repo=course-sys-int-systems-exam | action=commit
2025-07-27 08:37:00 | INFO | repo=course-sys-int-systems-exam | action=commit
2025-06-14 12:38:00 | INFO | repo=course-sys-int-systems-exam | action=commit
2025-06-06 10:14:00 | INFO | repo=course-sys-int-systems-exam | action=test | passed=true
2025-09-25 21:24:00 | INFO | repo=course-sys-int-systems-exam | action=commit
2025-07-06 08:31:00 | WARN | repo=course-sys-int-systems-exam | action=commit
2025-10-04 21:09:00 | DEBUG | repo=course-sys-int-systems-exam | action=commit
2025-07-15 07:20:00 | DEBUG | repo=course-sys-int-systems-exam | action=commit
2025-03-23 17:11:00 | WARN | repo=course-sys-int-systems-exam | action=commit
2025-03-20 09:20:00 | INFO | repo=course-sys-int-systems-exam | action=edit | files=4
2025-05-11 19:48:00 | INFO | repo=course-sys-int-systems-exam | action=commit
2025-01-18 20:21:00 | WARN | repo=course-sys-int-systems-exam | action=commit
2025-08-20 20:52:00 | DEBUG | repo=course-sys-int-systems-exam | action=commit
2025-02-20 17:06:00 | WARN | repo=course-sys-int-systems-exam | action=commit
2025-03-20 21:03:00 | DEBUG | repo=course-sys-int-systems-exam | action=test | passed=true
2025-03-10 20:24:00 | WARN | repo=course-sys-int-systems-exam | action=pull
2025-09-08 14:38:00 | INFO | repo=course-sys-int-systems-exam | action=edit | files=5
2025-05-17 15:00:00 | DEBUG | repo=course-sys-int-systems-exam | action=test | passed=true
2025-01-11 17:55:00 | WARN | repo=course-sys-int-systems-exam | action=commit
2025-07-10 18:58:00 | DEBUG | repo=course-sys-int-systems-exam | action=commit
